[  0%] Built target geometry_msgs_generate_messages_cpp
[  7%] Built target hector_gazebo_plugins_gencfg
[ 14%] Built target gazebo_ros_force_based_move
[ 22%] Built target diffdrive_plugin_multi_wheel
[ 22%] Built target geometry_msgs_generate_messages_eus
[ 22%] Built target _hector_gazebo_plugins_generate_messages_check_deps_SetBias
[ 22%] Built target geometry_msgs_generate_messages_py
[ 29%] Built target diffdrive_plugin_6w
[ 29%] Built target geometry_msgs_generate_messages_lisp
[ 29%] Built target geometry_msgs_generate_messages_nodejs
[ 37%] Built target hector_servo_plugin
[ 44%] Built target hector_gazebo_reset_plugin
[ 51%] Built target hector_gazebo_ros_sonar
[ 59%] Built target hector_gazebo_ros_gps
[ 62%] Built target hector_gazebo_plugins_generate_messages_cpp
[ 70%] Built target hector_gazebo_plugins_generate_messages_py
[ 77%] Built target hector_gazebo_plugins_generate_messages_eus
[ 85%] Built target hector_gazebo_ros_magnetic
[ 88%] Built target hector_gazebo_plugins_generate_messages_nodejs
[ 92%] Built target hector_gazebo_plugins_generate_messages_lisp
[ 92%] Built target hector_gazebo_plugins_generate_messages
[100%] Built target hector_gazebo_ros_imu
