[01m[K/home/arob/catkin_ws/src/p00_arob_lab3_drones/src/drone_race.cpp:[m[K In member function ‘[01m[Kvoid DroneRace::generateTrajectory_()[m[K’:
[01m[K/home/arob/catkin_ws/src/p00_arob_lab3_drones/src/drone_race.cpp:96:47:[m[K [01;31m[Kerror: [m[Kredeclaration of ‘[01m[Kmav_trajectory_generation::Vertex::Vector vertices[m[K’
   96 |     mav_trajectory_generation::Vertex::Vector [01;31m[Kvertices[m[K;
      |                                               [01;31m[K^~~~~~~~[m[K
[01m[K/home/arob/catkin_ws/src/p00_arob_lab3_drones/src/drone_race.cpp:92:47:[m[K [01;36m[Knote: [m[K‘[01m[Kmav_trajectory_generation::Vertex::Vector vertices[m[K’ previously declared here
   92 |     mav_trajectory_generation::Vertex::Vector [01;36m[Kvertices[m[K;
      |                                               [01;36m[K^~~~~~~~[m[K
[01m[K/home/arob/catkin_ws/src/p00_arob_lab3_drones/src/drone_race.cpp:103:14:[m[K [01;31m[Kerror: [m[K‘[01m[Kgeometry_msgs::Pose[m[K’ {aka ‘[01m[Kstruct geometry_msgs::Pose_<std::allocator<void> >[m[K’} has no member named ‘[01m[KaddConstraint[m[K’
  103 |         gate.[01;31m[KaddConstraint[m[K(mav_trajectory_generation::derivative_order::POSITION, Eigen::Vector3d(gate.position.x, gate.position.y, gate.position.z));
      |              [01;31m[K^~~~~~~~~~~~~[m[K
[01m[K/home/arob/catkin_ws/src/p00_arob_lab3_drones/src/drone_race.cpp:105:32:[m[K [01;31m[Kerror: [m[Kno matching function for call to ‘[01m[Kstd::vector<mav_trajectory_generation::Vertex>::push_back(geometry_msgs::Pose&)[m[K’
  105 |         vertices.push_back(gate[01;31m[K)[m[K;
      |                                [01;31m[K^[m[K
In file included from [01m[K/usr/include/c++/9/vector:67[m[K,
                 from [01m[K/usr/include/boost/math/special_functions/math_fwd.hpp:26[m[K,
                 from [01m[K/usr/include/boost/math/special_functions/round.hpp:15[m[K,
                 from [01m[K/opt/ros/noetic/include/ros/time.h:58[m[K,
                 from [01m[K/opt/ros/noetic/include/ros/ros.h:38[m[K,
                 from [01m[K/home/arob/catkin_ws/src/p00_arob_lab3_drones/include/lab3_drones/drone_race.hpp:12[m[K,
                 from [01m[K/home/arob/catkin_ws/src/p00_arob_lab3_drones/src/drone_race.cpp:1[m[K:
[01m[K/usr/include/c++/9/bits/stl_vector.h:1184:7:[m[K [01;36m[Knote: [m[Kcandidate: ‘[01m[Kvoid std::vector<_Tp, _Alloc>::push_back(const value_type&) [with _Tp = mav_trajectory_generation::Vertex; _Alloc = std::allocator<mav_trajectory_generation::Vertex>; std::vector<_Tp, _Alloc>::value_type = mav_trajectory_generation::Vertex][m[K’
 1184 |       [01;36m[Kpush_back[m[K(const value_type& __x)
      |       [01;36m[K^~~~~~~~~[m[K
[01m[K/usr/include/c++/9/bits/stl_vector.h:1184:35:[m[K [01;36m[Knote: [m[K  no known conversion for argument 1 from ‘[01m[Kgeometry_msgs::Pose[m[K’ {aka ‘[01m[Kgeometry_msgs::Pose_<std::allocator<void> >[m[K’} to ‘[01m[Kconst value_type&[m[K’ {aka ‘[01m[Kconst mav_trajectory_generation::Vertex&[m[K’}
 1184 |       push_back([01;36m[Kconst value_type& __x[m[K)
      |                 [01;36m[K~~~~~~~~~~~~~~~~~~^~~[m[K
[01m[K/usr/include/c++/9/bits/stl_vector.h:1200:7:[m[K [01;36m[Knote: [m[Kcandidate: ‘[01m[Kvoid std::vector<_Tp, _Alloc>::push_back(std::vector<_Tp, _Alloc>::value_type&&) [with _Tp = mav_trajectory_generation::Vertex; _Alloc = std::allocator<mav_trajectory_generation::Vertex>; std::vector<_Tp, _Alloc>::value_type = mav_trajectory_generation::Vertex][m[K’
 1200 |       [01;36m[Kpush_back[m[K(value_type&& __x)
      |       [01;36m[K^~~~~~~~~[m[K
[01m[K/usr/include/c++/9/bits/stl_vector.h:1200:30:[m[K [01;36m[Knote: [m[K  no known conversion for argument 1 from ‘[01m[Kgeometry_msgs::Pose[m[K’ {aka ‘[01m[Kgeometry_msgs::Pose_<std::allocator<void> >[m[K’} to ‘[01m[Kstd::vector<mav_trajectory_generation::Vertex>::value_type&&[m[K’ {aka ‘[01m[Kmav_trajectory_generation::Vertex&&[m[K’}
 1200 |       push_back([01;36m[Kvalue_type&& __x[m[K)
      |                 [01;36m[K~~~~~~~~~~~~~^~~[m[K
make[2]: *** [CMakeFiles/drone_race.dir/build.make:63: CMakeFiles/drone_race.dir/src/drone_race.cpp.o] Error 1
make[1]: *** [CMakeFiles/Makefile2:200: CMakeFiles/drone_race.dir/all] Error 2
make: *** [Makefile:141: all] Error 2
