[01m[K/home/arob/catkin_ws/src/arob_lab5-main/src/rrt_global_planner.cpp:[m[K In member function ‘[01m[Kbool rrt_planner::RRTPlanner::computeRRT(std::vector<int>, std::vector<int>, std::vector<std::vector<int> >&)[m[K’:
[01m[K/home/arob/catkin_ws/src/arob_lab5-main/src/rrt_global_planner.cpp:134:51:[m[K [01;31m[Kerror: [m[Kexpected ‘[01m[K([m[K’ before ‘[01m[Kx_rand[m[K’
  134 |         std::vector<int> point = {static_cast<int>[01;31m[Kx[m[K[32m[K_rand[m[K, static_cast<int>y_rand};
      |                                                   [01;31m[K^[m[K[32m[K~~~~~[m[K
      |                                                   [32m[K([m[K
[01m[K/home/arob/catkin_ws/src/arob_lab5-main/src/rrt_global_planner.cpp:134:75:[m[K [01;31m[Kerror: [m[Kexpected ‘[01m[K([m[K’ before ‘[01m[Ky_rand[m[K’
  134 |         std::vector<int> point = {static_cast<int>x_rand, static_cast<int>[01;31m[Ky[m[K[32m[K_rand[m[K};
      |                                                                           [01;31m[K^[m[K[32m[K~~~~~[m[K
      |                                                                           [32m[K([m[K
[01m[K/home/arob/catkin_ws/src/arob_lab5-main/src/rrt_global_planner.cpp:134:81:[m[K [01;31m[Kerror: [m[Kexpected ‘[01m[K)[m[K’ before ‘[01m[K}[m[K’ token
  134 |         std::vector<int> point = {static_cast<int>x_rand, static_cast<int>y_rand[01;31m[K}[m[K;
      |                                                                                 [01;31m[K^[m[K
      |                                                                                 [32m[K)[m[K
[01m[K/home/arob/catkin_ws/src/arob_lab5-main/src/rrt_global_planner.cpp:134:81:[m[K [01;31m[Kerror: [m[Kexpected ‘[01m[K)[m[K’ before ‘[01m[K}[m[K’ token
  134 |         std::vector<int> point = {static_cast<int>x_rand, static_cast<int>y_rand[01;31m[K}[m[K;
      |                                                                                 [01;31m[K^[m[K
      |                                                                                 [32m[K)[m[K
make[2]: *** [CMakeFiles/rrt_global_planner_lib.dir/build.make:63: CMakeFiles/rrt_global_planner_lib.dir/src/rrt_global_planner.cpp.o] Error 1
make[1]: *** [CMakeFiles/Makefile2:246: CMakeFiles/rrt_global_planner_lib.dir/all] Error 2
make: *** [Makefile:141: all] Error 2
