[35m[1mScanning dependencies of target rrt_global_planner_lib[0m
[ 33%] [32mBuilding CXX object CMakeFiles/rrt_global_planner_lib.dir/src/rrt_global_planner.cpp.o[0m
[01m[K/home/arob/catkin_ws/src/arob_lab5-main/src/rrt_global_planner.cpp:[m[K In member function ‘[01m[Kvirtual void rrt_planner::RRTPlanner::initialize(std::string, costmap_2d::Costmap2DROS*)[m[K’:
[01m[K/home/arob/catkin_ws/src/arob_lab5-main/src/rrt_global_planner.cpp:43:9:[m[K [01;31m[Kerror: [m[K‘[01m[Ktreshold_[m[K’ was not declared in this scope
   43 |         [01;31m[Ktreshold_[m[K = 0.2;
      |         [01;31m[K^~~~~~~~~[m[K
[01m[K/home/arob/catkin_ws/src/arob_lab5-main/src/rrt_global_planner.cpp:[m[K In member function ‘[01m[Kbool rrt_planner::RRTPlanner::computeRRT(std::vector<int>, std::vector<int>, std::vector<std::vector<int> >&)[m[K’:
[01m[K/home/arob/catkin_ws/src/arob_lab5-main/src/rrt_global_planner.cpp:168:72:[m[K [01;31m[Kerror: [m[K‘[01m[Ktreshold_[m[K’ was not declared in this scope
  168 |         if ((distance(x_rand, y_rand, goal[0], goal[1])*resolution_ <= [01;31m[Ktreshold_[m[K) && (obstacleFree(x_rand, y_rand, goal[0], goal[1]))) {
      |                                                                        [01;31m[K^~~~~~~~~[m[K
[01m[K/home/arob/catkin_ws/src/arob_lab5-main/src/rrt_global_planner.cpp:170:31:[m[K [01;31m[Kerror: [m[K‘[01m[Kcurrent[m[K’ was not declared in this scope
  170 |                 sol.push_back([01;31m[Kcurrent[m[K->getNode());
      |                               [01;31m[K^~~~~~~[m[K
[01m[K/home/arob/catkin_ws/src/arob_lab5-main/src/rrt_global_planner.cpp:177:5:[m[K [01;35m[Kwarning: [m[Kno return statement in function returning non-void [[01;35m[K-Wreturn-type[m[K]
  177 |     [01;35m[K}[m[K
      |     [01;35m[K^[m[K
[01m[K/home/arob/catkin_ws/src/arob_lab5-main/src/rrt_global_planner.cpp:[m[K At global scope:
[01m[K/home/arob/catkin_ws/src/arob_lab5-main/src/rrt_global_planner.cpp:180:5:[m[K [01;31m[Kerror: [m[K‘[01m[Kitr_node[m[K’ does not name a type
  180 |     [01;31m[Kitr_node[m[K->~TreeNode();
      |     [01;31m[K^~~~~~~~[m[K
[01m[K/home/arob/catkin_ws/src/arob_lab5-main/src/rrt_global_planner.cpp:182:5:[m[K [01;31m[Kerror: [m[Kexpected unqualified-id before ‘[01m[Kreturn[m[K’
  182 |     [01;31m[Kreturn[m[K finished;
      |     [01;31m[K^~~~~~[m[K
[01m[K/home/arob/catkin_ws/src/arob_lab5-main/src/rrt_global_planner.cpp:185:6:[m[K [01;31m[Kerror: [m[K‘[01m[KRRTPlanner[m[K’ has not been declared
  185 | bool [01;31m[KRRTPlanner[m[K::obstacleFree(const unsigned int x0, const unsigned int y0,
      |      [01;31m[K^~~~~~~~~~[m[K
[01m[K/home/arob/catkin_ws/src/arob_lab5-main/src/rrt_global_planner.cpp:[m[K In function ‘[01m[Kbool obstacleFree(unsigned int, unsigned int, unsigned int, unsigned int)[m[K’:
[01m[K/home/arob/catkin_ws/src/arob_lab5-main/src/rrt_global_planner.cpp:209:13:[m[K [01;31m[Kerror: [m[K‘[01m[Kcostmap_[m[K’ was not declared in this scope; did you mean ‘[01m[Kcostmap_2d[m[K’?
  209 |         if ([01;31m[Kcostmap_[m[K->getCost(a, b) != costmap_2d::FREE_SPACE){  // to include cells with inflated cost
      |             [01;31m[K^~~~~~~~[m[K
      |             [32m[Kcostmap_2d[m[K
[01m[K/home/arob/catkin_ws/src/arob_lab5-main/src/rrt_global_planner.cpp:[m[K At global scope:
[01m[K/home/arob/catkin_ws/src/arob_lab5-main/src/rrt_global_planner.cpp:227:6:[m[K [01;31m[Kerror: [m[K‘[01m[KRRTPlanner[m[K’ has not been declared
  227 | void [01;31m[KRRTPlanner[m[K::getPlan(const std::vector<std::vector<int>> sol, std::vector<geometry_msgs::PoseStamped>& plan){
      |      [01;31m[K^~~~~~~~~~[m[K
[01m[K/home/arob/catkin_ws/src/arob_lab5-main/src/rrt_global_planner.cpp:[m[K In function ‘[01m[Kvoid getPlan(std::vector<std::vector<int> >, std::vector<geometry_msgs::PoseStamped_<std::allocator<void> > >&)[m[K’:
[01m[K/home/arob/catkin_ws/src/arob_lab5-main/src/rrt_global_planner.cpp:233:9:[m[K [01;31m[Kerror: [m[K‘[01m[Kcostmap_[m[K’ was not declared in this scope; did you mean ‘[01m[Kcostmap_2d[m[K’?
  233 |         [01;31m[Kcostmap_[m[K->mapToWorld((unsigned int)point[0], (unsigned int)point[1],
      |         [01;31m[K^~~~~~~~[m[K
      |         [32m[Kcostmap_2d[m[K
[01m[K/home/arob/catkin_ws/src/arob_lab5-main/src/rrt_global_planner.cpp:236:32:[m[K [01;31m[Kerror: [m[K‘[01m[Kglobal_frame_id_[m[K’ was not declared in this scope
  236 |         pose.header.frame_id = [01;31m[Kglobal_frame_id_[m[K;
      |                                [01;31m[K^~~~~~~~~~~~~~~~[m[K
[01m[K/home/arob/catkin_ws/src/arob_lab5-main/src/rrt_global_planner.cpp:[m[K At global scope:
[01m[K/home/arob/catkin_ws/src/arob_lab5-main/src/rrt_global_planner.cpp:244:1:[m[K [01;31m[Kerror: [m[Kexpected declaration before ‘[01m[K}[m[K’ token
  244 | [01;31m[K}[m[K;
      | [01;31m[K^[m[K
make[2]: *** [CMakeFiles/rrt_global_planner_lib.dir/build.make:63: CMakeFiles/rrt_global_planner_lib.dir/src/rrt_global_planner.cpp.o] Error 1
make[1]: *** [CMakeFiles/Makefile2:246: CMakeFiles/rrt_global_planner_lib.dir/all] Error 2
make: *** [Makefile:141: all] Error 2
