Symlinking /home/arob/catkin_ws/devel/include/hector_uav_msgs/MotorCommand.h
Symlinking /home/arob/catkin_ws/devel/include/hector_uav_msgs/MotorPWM.h
Symlinking /home/arob/catkin_ws/devel/include/hector_uav_msgs/RC.h
Symlinking /home/arob/catkin_ws/devel/include/hector_uav_msgs/HeightCommand.h
Symlinking /home/arob/catkin_ws/devel/include/hector_uav_msgs/HeadingCommand.h
Symlinking /home/arob/catkin_ws/devel/include/hector_uav_msgs/YawrateCommand.h
Symlinking /home/arob/catkin_ws/devel/include/hector_uav_msgs/RawImu.h
Symlinking /home/arob/catkin_ws/devel/include/hector_uav_msgs/RawMagnetic.h
Symlinking /home/arob/catkin_ws/devel/include/hector_uav_msgs/Supply.h
Symlinking /home/arob/catkin_ws/devel/include/hector_uav_msgs/ControllerState.h
Symlinking /home/arob/catkin_ws/devel/include/hector_uav_msgs/RawRC.h
Symlinking /home/arob/catkin_ws/devel/include/hector_uav_msgs/RuddersCommand.h
Symlinking /home/arob/catkin_ws/devel/include/hector_uav_msgs/VelocityXYCommand.h
Symlinking /home/arob/catkin_ws/devel/include/hector_uav_msgs/VelocityZCommand.h
Symlinking /home/arob/catkin_ws/devel/include/hector_uav_msgs/MotorStatus.h
Symlinking /home/arob/catkin_ws/devel/include/hector_uav_msgs/ServoCommand.h
Symlinking /home/arob/catkin_ws/devel/include/hector_uav_msgs/AttitudeCommand.h
Symlinking /home/arob/catkin_ws/devel/include/hector_uav_msgs/Compass.h
Symlinking /home/arob/catkin_ws/devel/include/hector_uav_msgs/Altimeter.h
Symlinking /home/arob/catkin_ws/devel/include/hector_uav_msgs/ThrustCommand.h
Symlinking /home/arob/catkin_ws/devel/include/hector_uav_msgs/PositionXYCommand.h
Symlinking /home/arob/catkin_ws/devel/lib/pkgconfig/hector_uav_msgs.pc
Symlinking /home/arob/catkin_ws/devel/lib/python3/dist-packages/hector_uav_msgs/__init__.py
Symlinking /home/arob/catkin_ws/devel/lib/python3/dist-packages/hector_uav_msgs/msg/_Compass.py
Symlinking /home/arob/catkin_ws/devel/lib/python3/dist-packages/hector_uav_msgs/msg/_HeightCommand.py
Symlinking /home/arob/catkin_ws/devel/lib/python3/dist-packages/hector_uav_msgs/msg/_PositionXYCommand.py
Symlinking /home/arob/catkin_ws/devel/lib/python3/dist-packages/hector_uav_msgs/msg/_ThrustCommand.py
Symlinking /home/arob/catkin_ws/devel/lib/python3/dist-packages/hector_uav_msgs/msg/_RuddersCommand.py
Symlinking /home/arob/catkin_ws/devel/lib/python3/dist-packages/hector_uav_msgs/msg/_Supply.py
Symlinking /home/arob/catkin_ws/devel/lib/python3/dist-packages/hector_uav_msgs/msg/_VelocityXYCommand.py
Symlinking /home/arob/catkin_ws/devel/lib/python3/dist-packages/hector_uav_msgs/msg/_MotorPWM.py
Symlinking /home/arob/catkin_ws/devel/lib/python3/dist-packages/hector_uav_msgs/msg/_HeadingCommand.py
Symlinking /home/arob/catkin_ws/devel/lib/python3/dist-packages/hector_uav_msgs/msg/_AttitudeCommand.py
Symlinking /home/arob/catkin_ws/devel/lib/python3/dist-packages/hector_uav_msgs/msg/_MotorStatus.py
Symlinking /home/arob/catkin_ws/devel/lib/python3/dist-packages/hector_uav_msgs/msg/_ServoCommand.py
Symlinking /home/arob/catkin_ws/devel/lib/python3/dist-packages/hector_uav_msgs/msg/_VelocityZCommand.py
Symlinking /home/arob/catkin_ws/devel/lib/python3/dist-packages/hector_uav_msgs/msg/__init__.py
Symlinking /home/arob/catkin_ws/devel/lib/python3/dist-packages/hector_uav_msgs/msg/_ControllerState.py
Symlinking /home/arob/catkin_ws/devel/lib/python3/dist-packages/hector_uav_msgs/msg/_RawRC.py
Symlinking /home/arob/catkin_ws/devel/lib/python3/dist-packages/hector_uav_msgs/msg/_MotorCommand.py
Symlinking /home/arob/catkin_ws/devel/lib/python3/dist-packages/hector_uav_msgs/msg/_RawMagnetic.py
Symlinking /home/arob/catkin_ws/devel/lib/python3/dist-packages/hector_uav_msgs/msg/_YawrateCommand.py
Symlinking /home/arob/catkin_ws/devel/lib/python3/dist-packages/hector_uav_msgs/msg/_RawImu.py
Symlinking /home/arob/catkin_ws/devel/lib/python3/dist-packages/hector_uav_msgs/msg/_RC.py
Symlinking /home/arob/catkin_ws/devel/lib/python3/dist-packages/hector_uav_msgs/msg/_Altimeter.py
Symlinking /home/arob/catkin_ws/devel/share/gennodejs/ros/hector_uav_msgs/_index.js
Symlinking /home/arob/catkin_ws/devel/share/gennodejs/ros/hector_uav_msgs/msg/AttitudeCommand.js
Symlinking /home/arob/catkin_ws/devel/share/gennodejs/ros/hector_uav_msgs/msg/_index.js
Symlinking /home/arob/catkin_ws/devel/share/gennodejs/ros/hector_uav_msgs/msg/RuddersCommand.js
Symlinking /home/arob/catkin_ws/devel/share/gennodejs/ros/hector_uav_msgs/msg/VelocityXYCommand.js
Symlinking /home/arob/catkin_ws/devel/share/gennodejs/ros/hector_uav_msgs/msg/Supply.js
Symlinking /home/arob/catkin_ws/devel/share/gennodejs/ros/hector_uav_msgs/msg/ControllerState.js
Symlinking /home/arob/catkin_ws/devel/share/gennodejs/ros/hector_uav_msgs/msg/Altimeter.js
Symlinking /home/arob/catkin_ws/devel/share/gennodejs/ros/hector_uav_msgs/msg/MotorStatus.js
Symlinking /home/arob/catkin_ws/devel/share/gennodejs/ros/hector_uav_msgs/msg/MotorCommand.js
Symlinking /home/arob/catkin_ws/devel/share/gennodejs/ros/hector_uav_msgs/msg/PositionXYCommand.js
Symlinking /home/arob/catkin_ws/devel/share/gennodejs/ros/hector_uav_msgs/msg/ThrustCommand.js
Symlinking /home/arob/catkin_ws/devel/share/gennodejs/ros/hector_uav_msgs/msg/VelocityZCommand.js
Symlinking /home/arob/catkin_ws/devel/share/gennodejs/ros/hector_uav_msgs/msg/MotorPWM.js
Symlinking /home/arob/catkin_ws/devel/share/gennodejs/ros/hector_uav_msgs/msg/RawRC.js
Symlinking /home/arob/catkin_ws/devel/share/gennodejs/ros/hector_uav_msgs/msg/Compass.js
Symlinking /home/arob/catkin_ws/devel/share/gennodejs/ros/hector_uav_msgs/msg/HeadingCommand.js
Symlinking /home/arob/catkin_ws/devel/share/gennodejs/ros/hector_uav_msgs/msg/RC.js
Symlinking /home/arob/catkin_ws/devel/share/gennodejs/ros/hector_uav_msgs/msg/YawrateCommand.js
Symlinking /home/arob/catkin_ws/devel/share/gennodejs/ros/hector_uav_msgs/msg/ServoCommand.js
Symlinking /home/arob/catkin_ws/devel/share/gennodejs/ros/hector_uav_msgs/msg/RawImu.js
Symlinking /home/arob/catkin_ws/devel/share/gennodejs/ros/hector_uav_msgs/msg/RawMagnetic.js
Symlinking /home/arob/catkin_ws/devel/share/gennodejs/ros/hector_uav_msgs/msg/HeightCommand.js
Symlinking /home/arob/catkin_ws/devel/share/hector_uav_msgs/cmake/hector_uav_msgs-msg-extras.cmake
Symlinking /home/arob/catkin_ws/devel/share/hector_uav_msgs/cmake/hector_uav_msgsConfig-version.cmake
Symlinking /home/arob/catkin_ws/devel/share/hector_uav_msgs/cmake/hector_uav_msgsConfig.cmake
Symlinking /home/arob/catkin_ws/devel/share/hector_uav_msgs/cmake/hector_uav_msgs-msg-paths.cmake
Symlinking /home/arob/catkin_ws/devel/share/roseus/ros/hector_uav_msgs/manifest.l
Symlinking /home/arob/catkin_ws/devel/share/roseus/ros/hector_uav_msgs/msg/VelocityZCommand.l
Symlinking /home/arob/catkin_ws/devel/share/roseus/ros/hector_uav_msgs/msg/MotorCommand.l
Symlinking /home/arob/catkin_ws/devel/share/roseus/ros/hector_uav_msgs/msg/YawrateCommand.l
Symlinking /home/arob/catkin_ws/devel/share/roseus/ros/hector_uav_msgs/msg/RuddersCommand.l
Symlinking /home/arob/catkin_ws/devel/share/roseus/ros/hector_uav_msgs/msg/ThrustCommand.l
Symlinking /home/arob/catkin_ws/devel/share/roseus/ros/hector_uav_msgs/msg/RawRC.l
Symlinking /home/arob/catkin_ws/devel/share/roseus/ros/hector_uav_msgs/msg/PositionXYCommand.l
Symlinking /home/arob/catkin_ws/devel/share/roseus/ros/hector_uav_msgs/msg/RC.l
Symlinking /home/arob/catkin_ws/devel/share/roseus/ros/hector_uav_msgs/msg/ServoCommand.l
Symlinking /home/arob/catkin_ws/devel/share/roseus/ros/hector_uav_msgs/msg/Compass.l
Symlinking /home/arob/catkin_ws/devel/share/roseus/ros/hector_uav_msgs/msg/Altimeter.l
Symlinking /home/arob/catkin_ws/devel/share/roseus/ros/hector_uav_msgs/msg/RawMagnetic.l
Symlinking /home/arob/catkin_ws/devel/share/roseus/ros/hector_uav_msgs/msg/MotorStatus.l
Symlinking /home/arob/catkin_ws/devel/share/roseus/ros/hector_uav_msgs/msg/MotorPWM.l
Symlinking /home/arob/catkin_ws/devel/share/roseus/ros/hector_uav_msgs/msg/VelocityXYCommand.l
Symlinking /home/arob/catkin_ws/devel/share/roseus/ros/hector_uav_msgs/msg/AttitudeCommand.l
Symlinking /home/arob/catkin_ws/devel/share/roseus/ros/hector_uav_msgs/msg/HeadingCommand.l
Symlinking /home/arob/catkin_ws/devel/share/roseus/ros/hector_uav_msgs/msg/Supply.l
Symlinking /home/arob/catkin_ws/devel/share/roseus/ros/hector_uav_msgs/msg/ControllerState.l
Symlinking /home/arob/catkin_ws/devel/share/roseus/ros/hector_uav_msgs/msg/RawImu.l
Symlinking /home/arob/catkin_ws/devel/share/roseus/ros/hector_uav_msgs/msg/HeightCommand.l
Symlinking /home/arob/catkin_ws/devel/share/common-lisp/ros/hector_uav_msgs/msg/_package_VelocityXYCommand.lisp
Symlinking /home/arob/catkin_ws/devel/share/common-lisp/ros/hector_uav_msgs/msg/RuddersCommand.lisp
Symlinking /home/arob/catkin_ws/devel/share/common-lisp/ros/hector_uav_msgs/msg/Supply.lisp
Symlinking /home/arob/catkin_ws/devel/share/common-lisp/ros/hector_uav_msgs/msg/_package_Supply.lisp
Symlinking /home/arob/catkin_ws/devel/share/common-lisp/ros/hector_uav_msgs/msg/ServoCommand.lisp
Symlinking /home/arob/catkin_ws/devel/share/common-lisp/ros/hector_uav_msgs/msg/MotorStatus.lisp
Symlinking /home/arob/catkin_ws/devel/share/common-lisp/ros/hector_uav_msgs/msg/_package_AttitudeCommand.lisp
Symlinking /home/arob/catkin_ws/devel/share/common-lisp/ros/hector_uav_msgs/msg/VelocityXYCommand.lisp
Symlinking /home/arob/catkin_ws/devel/share/common-lisp/ros/hector_uav_msgs/msg/_package_MotorCommand.lisp
Symlinking /home/arob/catkin_ws/devel/share/common-lisp/ros/hector_uav_msgs/msg/_package_Compass.lisp
Symlinking /home/arob/catkin_ws/devel/share/common-lisp/ros/hector_uav_msgs/msg/_package_HeightCommand.lisp
Symlinking /home/arob/catkin_ws/devel/share/common-lisp/ros/hector_uav_msgs/msg/HeadingCommand.lisp
Symlinking /home/arob/catkin_ws/devel/share/common-lisp/ros/hector_uav_msgs/msg/VelocityZCommand.lisp
Symlinking /home/arob/catkin_ws/devel/share/common-lisp/ros/hector_uav_msgs/msg/_package_RawMagnetic.lisp
Symlinking /home/arob/catkin_ws/devel/share/common-lisp/ros/hector_uav_msgs/msg/_package_ThrustCommand.lisp
Symlinking /home/arob/catkin_ws/devel/share/common-lisp/ros/hector_uav_msgs/msg/RC.lisp
Symlinking /home/arob/catkin_ws/devel/share/common-lisp/ros/hector_uav_msgs/msg/_package_YawrateCommand.lisp
Symlinking /home/arob/catkin_ws/devel/share/common-lisp/ros/hector_uav_msgs/msg/_package_Altimeter.lisp
Symlinking /home/arob/catkin_ws/devel/share/common-lisp/ros/hector_uav_msgs/msg/RawRC.lisp
Symlinking /home/arob/catkin_ws/devel/share/common-lisp/ros/hector_uav_msgs/msg/hector_uav_msgs-msg.asd
Symlinking /home/arob/catkin_ws/devel/share/common-lisp/ros/hector_uav_msgs/msg/_package_RawRC.lisp
Symlinking /home/arob/catkin_ws/devel/share/common-lisp/ros/hector_uav_msgs/msg/_package_MotorStatus.lisp
Symlinking /home/arob/catkin_ws/devel/share/common-lisp/ros/hector_uav_msgs/msg/_package_HeadingCommand.lisp
Symlinking /home/arob/catkin_ws/devel/share/common-lisp/ros/hector_uav_msgs/msg/_package.lisp
Symlinking /home/arob/catkin_ws/devel/share/common-lisp/ros/hector_uav_msgs/msg/YawrateCommand.lisp
Symlinking /home/arob/catkin_ws/devel/share/common-lisp/ros/hector_uav_msgs/msg/_package_VelocityZCommand.lisp
Symlinking /home/arob/catkin_ws/devel/share/common-lisp/ros/hector_uav_msgs/msg/Altimeter.lisp
Symlinking /home/arob/catkin_ws/devel/share/common-lisp/ros/hector_uav_msgs/msg/Compass.lisp
Symlinking /home/arob/catkin_ws/devel/share/common-lisp/ros/hector_uav_msgs/msg/PositionXYCommand.lisp
Symlinking /home/arob/catkin_ws/devel/share/common-lisp/ros/hector_uav_msgs/msg/ThrustCommand.lisp
Symlinking /home/arob/catkin_ws/devel/share/common-lisp/ros/hector_uav_msgs/msg/MotorCommand.lisp
Symlinking /home/arob/catkin_ws/devel/share/common-lisp/ros/hector_uav_msgs/msg/RawMagnetic.lisp
Symlinking /home/arob/catkin_ws/devel/share/common-lisp/ros/hector_uav_msgs/msg/_package_RawImu.lisp
Symlinking /home/arob/catkin_ws/devel/share/common-lisp/ros/hector_uav_msgs/msg/_package_RC.lisp
Symlinking /home/arob/catkin_ws/devel/share/common-lisp/ros/hector_uav_msgs/msg/HeightCommand.lisp
Symlinking /home/arob/catkin_ws/devel/share/common-lisp/ros/hector_uav_msgs/msg/_package_PositionXYCommand.lisp
Symlinking /home/arob/catkin_ws/devel/share/common-lisp/ros/hector_uav_msgs/msg/RawImu.lisp
Symlinking /home/arob/catkin_ws/devel/share/common-lisp/ros/hector_uav_msgs/msg/ControllerState.lisp
Symlinking /home/arob/catkin_ws/devel/share/common-lisp/ros/hector_uav_msgs/msg/MotorPWM.lisp
Symlinking /home/arob/catkin_ws/devel/share/common-lisp/ros/hector_uav_msgs/msg/_package_ServoCommand.lisp
Symlinking /home/arob/catkin_ws/devel/share/common-lisp/ros/hector_uav_msgs/msg/_package_MotorPWM.lisp
Symlinking /home/arob/catkin_ws/devel/share/common-lisp/ros/hector_uav_msgs/msg/AttitudeCommand.lisp
Symlinking /home/arob/catkin_ws/devel/share/common-lisp/ros/hector_uav_msgs/msg/_package_ControllerState.lisp
Symlinking /home/arob/catkin_ws/devel/share/common-lisp/ros/hector_uav_msgs/msg/_package_RuddersCommand.lisp
