[  0%] Built target _hector_uav_msgs_generate_messages_check_deps_Supply
[  0%] Built target _hector_uav_msgs_generate_messages_check_deps_ThrustCommand
[  0%] Built target _hector_uav_msgs_generate_messages_check_deps_Compass
[  0%] Built target _hector_uav_msgs_generate_messages_check_deps_YawrateCommand
[  0%] Built target std_msgs_generate_messages_nodejs
[  0%] Built target _hector_uav_msgs_generate_messages_check_deps_VelocityZCommand
[  0%] Built target _hector_uav_msgs_generate_messages_check_deps_ServoCommand
[  0%] Built target _hector_uav_msgs_generate_messages_check_deps_HeightCommand
[  0%] Built target _hector_uav_msgs_generate_messages_check_deps_MotorStatus
[  0%] Built target _hector_uav_msgs_generate_messages_check_deps_Altimeter
[  0%] Built target _hector_uav_msgs_generate_messages_check_deps_RawImu
[  0%] Built target _hector_uav_msgs_generate_messages_check_deps_MotorCommand
[  0%] Built target _hector_uav_msgs_generate_messages_check_deps_VelocityXYCommand
[  0%] Built target _hector_uav_msgs_generate_messages_check_deps_HeadingCommand
[  0%] Built target _hector_uav_msgs_generate_messages_check_deps_AttitudeCommand
[  0%] Built target _hector_uav_msgs_generate_messages_check_deps_RC
[  0%] Built target _hector_uav_msgs_generate_messages_check_deps_MotorPWM
[  0%] Built target _hector_uav_msgs_generate_messages_check_deps_PositionXYCommand
[  0%] Built target _hector_uav_msgs_generate_messages_check_deps_RawMagnetic
[  0%] Built target _hector_uav_msgs_generate_messages_check_deps_ControllerState
[  0%] Built target _hector_uav_msgs_generate_messages_check_deps_RawRC
[  0%] Built target std_msgs_generate_messages_eus
[  0%] Built target std_msgs_generate_messages_py
[  0%] Built target _hector_uav_msgs_generate_messages_check_deps_RuddersCommand
[  0%] Built target std_msgs_generate_messages_cpp
[  0%] Built target std_msgs_generate_messages_lisp
[  1%] [34m[1mGenerating Javascript code from hector_uav_msgs/Altimeter.msg[0m
[  2%] [34m[1mGenerating EusLisp code from hector_uav_msgs/Altimeter.msg[0m
[  3%] [34m[1mGenerating Javascript code from hector_uav_msgs/AttitudeCommand.msg[0m
[  3%] [34m[1mGenerating EusLisp code from hector_uav_msgs/AttitudeCommand.msg[0m
[  4%] [34m[1mGenerating Javascript code from hector_uav_msgs/Compass.msg[0m
[  5%] [34m[1mGenerating Javascript code from hector_uav_msgs/ControllerState.msg[0m
[  6%] [34m[1mGenerating EusLisp code from hector_uav_msgs/Compass.msg[0m
[  6%] [34m[1mGenerating Javascript code from hector_uav_msgs/HeadingCommand.msg[0m
[  7%] [34m[1mGenerating Javascript code from hector_uav_msgs/HeightCommand.msg[0m
[  8%] [34m[1mGenerating EusLisp code from hector_uav_msgs/ControllerState.msg[0m
[  9%] [34m[1mGenerating Javascript code from hector_uav_msgs/MotorCommand.msg[0m
[ 10%] [34m[1mGenerating EusLisp code from hector_uav_msgs/HeadingCommand.msg[0m
[ 11%] [34m[1mGenerating Javascript code from hector_uav_msgs/MotorPWM.msg[0m
[ 12%] [34m[1mGenerating Javascript code from hector_uav_msgs/MotorStatus.msg[0m
[ 13%] [34m[1mGenerating EusLisp code from hector_uav_msgs/HeightCommand.msg[0m
[ 14%] [34m[1mGenerating Javascript code from hector_uav_msgs/PositionXYCommand.msg[0m
[ 15%] [34m[1mGenerating Javascript code from hector_uav_msgs/RawImu.msg[0m
[ 17%] [34m[1mGenerating EusLisp code from hector_uav_msgs/MotorCommand.msg[0m
[ 18%] [34m[1mGenerating Javascript code from hector_uav_msgs/RawMagnetic.msg[0m
[ 18%] [34m[1mGenerating Javascript code from hector_uav_msgs/RawRC.msg[0m
[ 19%] [34m[1mGenerating EusLisp code from hector_uav_msgs/MotorPWM.msg[0m
[ 20%] [34m[1mGenerating Javascript code from hector_uav_msgs/RC.msg[0m
[ 21%] [34m[1mGenerating EusLisp code from hector_uav_msgs/MotorStatus.msg[0m
[ 22%] [34m[1mGenerating Javascript code from hector_uav_msgs/RuddersCommand.msg[0m
[ 23%] [34m[1mGenerating Javascript code from hector_uav_msgs/ServoCommand.msg[0m
[ 23%] [34m[1mGenerating EusLisp code from hector_uav_msgs/PositionXYCommand.msg[0m
[ 24%] [34m[1mGenerating Javascript code from hector_uav_msgs/Supply.msg[0m
[ 25%] [34m[1mGenerating EusLisp code from hector_uav_msgs/RawImu.msg[0m
[ 26%] [34m[1mGenerating Javascript code from hector_uav_msgs/ThrustCommand.msg[0m
[ 27%] [34m[1mGenerating Javascript code from hector_uav_msgs/VelocityXYCommand.msg[0m
[ 28%] [34m[1mGenerating EusLisp code from hector_uav_msgs/RawMagnetic.msg[0m
[ 29%] [34m[1mGenerating Javascript code from hector_uav_msgs/VelocityZCommand.msg[0m
[ 30%] [34m[1mGenerating EusLisp code from hector_uav_msgs/RawRC.msg[0m
[ 30%] [34m[1mGenerating Javascript code from hector_uav_msgs/YawrateCommand.msg[0m
[ 30%] Built target hector_uav_msgs_generate_messages_nodejs
[ 32%] [34m[1mGenerating Python from MSG hector_uav_msgs/Altimeter[0m
[ 32%] [34m[1mGenerating EusLisp code from hector_uav_msgs/RC.msg[0m
[ 34%] [34m[1mGenerating EusLisp code from hector_uav_msgs/RuddersCommand.msg[0m
[ 35%] [34m[1mGenerating EusLisp code from hector_uav_msgs/ServoCommand.msg[0m
[ 36%] [34m[1mGenerating EusLisp code from hector_uav_msgs/Supply.msg[0m
[ 37%] [34m[1mGenerating Python from MSG hector_uav_msgs/AttitudeCommand[0m
[ 37%] [34m[1mGenerating EusLisp code from hector_uav_msgs/ThrustCommand.msg[0m
[ 38%] [34m[1mGenerating EusLisp code from hector_uav_msgs/VelocityXYCommand.msg[0m
[ 39%] [34m[1mGenerating Python from MSG hector_uav_msgs/Compass[0m
[ 40%] [34m[1mGenerating EusLisp code from hector_uav_msgs/VelocityZCommand.msg[0m
[ 41%] [34m[1mGenerating EusLisp code from hector_uav_msgs/YawrateCommand.msg[0m
[ 42%] Built target hector_uav_msgs_generate_messages_eus
[ 43%] [34m[1mGenerating Python from MSG hector_uav_msgs/ControllerState[0m
[ 44%] [34m[1mGenerating C++ code from hector_uav_msgs/Altimeter.msg[0m
[ 45%] [34m[1mGenerating C++ code from hector_uav_msgs/AttitudeCommand.msg[0m
[ 46%] [34m[1mGenerating Python from MSG hector_uav_msgs/HeadingCommand[0m
[ 47%] [34m[1mGenerating C++ code from hector_uav_msgs/Compass.msg[0m
[ 48%] [34m[1mGenerating Python from MSG hector_uav_msgs/HeightCommand[0m
[ 50%] [34m[1mGenerating C++ code from hector_uav_msgs/ControllerState.msg[0m
[ 51%] [34m[1mGenerating C++ code from hector_uav_msgs/HeadingCommand.msg[0m
[ 52%] [34m[1mGenerating C++ code from hector_uav_msgs/HeightCommand.msg[0m
[ 52%] [34m[1mGenerating Python from MSG hector_uav_msgs/MotorCommand[0m
[ 53%] [34m[1mGenerating C++ code from hector_uav_msgs/MotorCommand.msg[0m
[ 53%] [34m[1mGenerating C++ code from hector_uav_msgs/MotorPWM.msg[0m
[ 54%] [34m[1mGenerating Python from MSG hector_uav_msgs/MotorPWM[0m
[ 55%] [34m[1mGenerating C++ code from hector_uav_msgs/MotorStatus.msg[0m
[ 56%] [34m[1mGenerating Python from MSG hector_uav_msgs/MotorStatus[0m
[ 57%] [34m[1mGenerating C++ code from hector_uav_msgs/PositionXYCommand.msg[0m
[ 58%] [34m[1mGenerating C++ code from hector_uav_msgs/RawImu.msg[0m
[ 59%] [34m[1mGenerating Python from MSG hector_uav_msgs/PositionXYCommand[0m
[ 60%] [34m[1mGenerating Python from MSG hector_uav_msgs/RawImu[0m
[ 61%] [34m[1mGenerating C++ code from hector_uav_msgs/RawMagnetic.msg[0m
[ 62%] [34m[1mGenerating C++ code from hector_uav_msgs/RawRC.msg[0m
[ 63%] [34m[1mGenerating Python from MSG hector_uav_msgs/RawMagnetic[0m
[ 64%] [34m[1mGenerating C++ code from hector_uav_msgs/RC.msg[0m
[ 65%] [34m[1mGenerating Python from MSG hector_uav_msgs/RawRC[0m
[ 67%] [34m[1mGenerating C++ code from hector_uav_msgs/RuddersCommand.msg[0m
[ 67%] [34m[1mGenerating C++ code from hector_uav_msgs/ServoCommand.msg[0m
[ 68%] [34m[1mGenerating Python from MSG hector_uav_msgs/RC[0m
[ 69%] [34m[1mGenerating C++ code from hector_uav_msgs/Supply.msg[0m
[ 69%] [34m[1mGenerating Python from MSG hector_uav_msgs/RuddersCommand[0m
[ 70%] [34m[1mGenerating C++ code from hector_uav_msgs/ThrustCommand.msg[0m
[ 71%] [34m[1mGenerating C++ code from hector_uav_msgs/VelocityXYCommand.msg[0m
[ 72%] [34m[1mGenerating Python from MSG hector_uav_msgs/ServoCommand[0m
[ 73%] [34m[1mGenerating Python from MSG hector_uav_msgs/Supply[0m
[ 74%] [34m[1mGenerating C++ code from hector_uav_msgs/VelocityZCommand.msg[0m
[ 75%] [34m[1mGenerating Python from MSG hector_uav_msgs/ThrustCommand[0m
[ 76%] [34m[1mGenerating C++ code from hector_uav_msgs/YawrateCommand.msg[0m
[ 76%] Built target hector_uav_msgs_generate_messages_cpp
[ 77%] [34m[1mGenerating Lisp code from hector_uav_msgs/Altimeter.msg[0m
[ 78%] [34m[1mGenerating Lisp code from hector_uav_msgs/AttitudeCommand.msg[0m
[ 78%] [34m[1mGenerating Lisp code from hector_uav_msgs/Compass.msg[0m
[ 79%] [34m[1mGenerating Python from MSG hector_uav_msgs/VelocityXYCommand[0m
[ 80%] [34m[1mGenerating Lisp code from hector_uav_msgs/ControllerState.msg[0m
[ 81%] [34m[1mGenerating Lisp code from hector_uav_msgs/HeadingCommand.msg[0m
[ 82%] [34m[1mGenerating Lisp code from hector_uav_msgs/HeightCommand.msg[0m
[ 84%] [34m[1mGenerating Python from MSG hector_uav_msgs/VelocityZCommand[0m
[ 85%] [34m[1mGenerating Lisp code from hector_uav_msgs/MotorCommand.msg[0m
[ 86%] [34m[1mGenerating Lisp code from hector_uav_msgs/MotorPWM.msg[0m
[ 87%] [34m[1mGenerating Lisp code from hector_uav_msgs/MotorStatus.msg[0m
[ 88%] [34m[1mGenerating Lisp code from hector_uav_msgs/PositionXYCommand.msg[0m
[ 88%] [34m[1mGenerating Lisp code from hector_uav_msgs/RawImu.msg[0m
[ 89%] [34m[1mGenerating Python from MSG hector_uav_msgs/YawrateCommand[0m
[ 90%] [34m[1mGenerating Lisp code from hector_uav_msgs/RawMagnetic.msg[0m
[ 91%] [34m[1mGenerating Lisp code from hector_uav_msgs/RawRC.msg[0m
[ 92%] [34m[1mGenerating Python msg __init__.py for hector_uav_msgs[0m
[ 93%] [34m[1mGenerating Lisp code from hector_uav_msgs/RC.msg[0m
[ 94%] [34m[1mGenerating Lisp code from hector_uav_msgs/RuddersCommand.msg[0m
[ 95%] [34m[1mGenerating Lisp code from hector_uav_msgs/ServoCommand.msg[0m
[ 95%] Built target hector_uav_msgs_generate_messages_py
[ 96%] [34m[1mGenerating Lisp code from hector_uav_msgs/Supply.msg[0m
[ 97%] [34m[1mGenerating Lisp code from hector_uav_msgs/ThrustCommand.msg[0m
[ 98%] [34m[1mGenerating Lisp code from hector_uav_msgs/VelocityZCommand.msg[0m
[ 98%] [34m[1mGenerating Lisp code from hector_uav_msgs/VelocityXYCommand.msg[0m
[100%] [34m[1mGenerating Lisp code from hector_uav_msgs/YawrateCommand.msg[0m
[100%] Built target hector_uav_msgs_generate_messages_lisp
[100%] Built target hector_uav_msgs_generate_messages
