[36m--[0m Using CATKIN_DEVEL_PREFIX: /home/arob/catkin_ws/devel/.private/hector_quadrotor_model
[36m--[0m Using CMAKE_PREFIX_PATH: /home/arob/catkin_ws/devel;/opt/ros/noetic
[36m--[0m This workspace overlays: /home/arob/catkin_ws/devel;/opt/ros/noetic
CMake Warning (dev) at CMakeLists.txt:2 (project):
  Policy CMP0048 is not set: project() command manages VERSION variables.
  Run "cmake --help-policy CMP0048" for policy details.  Use the cmake_policy
  command to set the policy and suppress this warning.

  The following variable(s) would be set to empty:

    CMAKE_PROJECT_VERSION
    CMAKE_PROJECT_VERSION_MAJOR
    CMAKE_PROJECT_VERSION_MINOR
    CMAKE_PROJECT_VERSION_PATCH
This warning is for project developers.  Use -Wno-dev to suppress it.

[36m--[0m Found PythonInterp: /usr/bin/python3 (found suitable version "3.8.10", minimum required is "3")
[36m--[0m Using PYTHON_EXECUTABLE: /usr/bin/python3
[36m--[0m Using Debian Python package layout
[36m--[0m Using empy: /usr/lib/python3/dist-packages/em.py
[36m--[0m Using CATKIN_ENABLE_TESTING: ON
[36m--[0m Call enable_testing()
[36m--[0m Using CATKIN_TEST_RESULTS_DIR: /home/arob/catkin_ws/build/hector_quadrotor_model/test_results
[36m--[0m Forcing gtest/gmock from source, though one was otherwise available.
[36m--[0m Found gtest sources under '/usr/src/googletest': gtests will be built
[36m--[0m Found gmock sources under '/usr/src/googletest': gmock will be built
[36m--[0m Found PythonInterp: /usr/bin/python3 (found version "3.8.10")
[36m--[0m Using Python nosetests: /usr/bin/nosetests3
[36m--[0m catkin 0.8.10
[36m--[0m BUILD_SHARED_LIBS is on
[33m[1mCMake Warning[0m at /opt/ros/noetic/share/cmake_modules/cmake/Modules/FindEigen.cmake:62 (message):
  The FindEigen.cmake Module in the cmake_modules package is deprecated.

  Please use the FindEigen3.cmake Module provided with Eigen.  Change
  instances of find_package(Eigen) to find_package(Eigen3).  Check the
  FindEigen3.cmake Module for the resulting CMake variable names.

[36mCall Stack (most recent call first):[0m
  CMakeLists.txt:14 (find_package)


[36m--[0m Eigen found (include: /usr/include/eigen3)
[36m--[0m Configuring done
[36m--[0m Generating done
[36m--[0m Build files have been written to: /home/arob/catkin_ws/build/hector_quadrotor_model
